cl : 命令行  warning D9035: “Gm”选项已否决，并将在将来的版本中移除
  libmd5.c
cl : 命令行  warning D9035: “Gm”选项已否决，并将在将来的版本中移除
  TComYuv.cpp
  TComWeightPrediction.cpp
  TComTU.cpp
  TComTrQuant.cpp
  TComSlice.cpp
  TComSampleAdaptiveOffset.cpp
  TComRom.cpp
  TComRdCostWeightPrediction.cpp
  TComRdCost.cpp
  TComPrediction.cpp
  TComPicYuvMD5.cpp
  TComPicYuv.cpp
  TComPicSym.cpp
  TComPic.cpp
  TComPattern.cpp
  TComMotionInfo.cpp
  TComLoopFilter.cpp
  TComInterpolationFilter.cpp
  TComDataCU.cpp
  TComChromaFormat.cpp
  正在生成代码...
  正在编译...
  TComCABACTables.cpp
  TComBitStream.cpp
  SEI.cpp
  Debug.cpp
  ContextModel3DBuffer.cpp
  ContextModel.cpp
  正在生成代码...
  TLibCommon_vc2015.vcxproj -> E:\Code\HEVC\HM16.15_origin\build\vc2015\x64\Debug\TLibCommon\TLibCommon.lib
